\BOOKMARK [0][-]{chapter.1}{Optical Character Recognition}{}% 1
\BOOKMARK [1][-]{section.1.1}{Text Detection}{chapter.1}% 2
\BOOKMARK [1][-]{section.1.2}{Text Recognition}{chapter.1}% 3
\BOOKMARK [0][-]{chapter.2}{Neural Networks}{}% 4
\BOOKMARK [1][-]{section.2.1}{Convolutional Neural Networks}{chapter.2}% 5
\BOOKMARK [0][-]{chapter.3}{Software}{}% 6
\BOOKMARK [1][-]{section.3.1}{Scene text detection}{chapter.3}% 7
\BOOKMARK [2][-]{subsection.3.1.1}{CRAFT}{section.3.1}% 8
\BOOKMARK [1][-]{section.3.2}{Scene text recognition}{chapter.3}% 9
\BOOKMARK [2][-]{subsection.3.2.1}{CRNN}{section.3.2}% 10
\BOOKMARK [1][-]{section.3.3}{End-to-end systems}{chapter.3}% 11
\BOOKMARK [2][-]{subsection.3.3.1}{Tesseract}{section.3.3}% 12
\BOOKMARK [2][-]{subsection.3.3.2}{EasyOCR}{section.3.3}% 13
\BOOKMARK [2][-]{subsection.3.3.3}{Keras-ocr}{section.3.3}% 14
\BOOKMARK [2][-]{subsection.3.3.4}{Google Cloud Vision}{section.3.3}% 15
\BOOKMARK [2][-]{subsection.3.3.5}{Other}{section.3.3}% 16
\BOOKMARK [0][-]{chapter.4}{Datasets}{}% 17
\BOOKMARK [1][-]{section.4.1}{SCUT-CTW1500 dataset}{chapter.4}% 18
\BOOKMARK [1][-]{section.4.2}{KAIST Scene Text Database}{chapter.4}% 19
\BOOKMARK [1][-]{section.4.3}{Born-Digital Images}{chapter.4}% 20
\BOOKMARK [1][-]{section.4.4}{Wien TU dataset}{chapter.4}% 21
\BOOKMARK [0][-]{chapter.5}{Testing methods}{}% 22
\BOOKMARK [1][-]{section.5.1}{EasyOCR}{chapter.5}% 23
\BOOKMARK [1][-]{section.5.2}{Tesseract}{chapter.5}% 24
\BOOKMARK [1][-]{section.5.3}{Keras}{chapter.5}% 25
